12/01/2019 10:42:52 AM ****************************************************************************************************
12/01/2019 12:24:14 PM 
 miss_mode: patch 
 miss_rate: 0.1 
 masks_rmse: 2.517856064898821 
 masks_mae: 1.7301547143865412
12/01/2019 02:09:41 PM 
 miss_mode: patch 
 miss_rate: 0.2 
 masks_rmse: 2.5626823239016483 
 masks_mae: 1.7427946186085919
12/01/2019 03:06:44 PM ****************************************************************************************************
12/01/2019 04:48:55 PM 
 miss_mode: patch 
 miss_rate: 0.1 
 masks_rmse: 23.619844407795444 
 masks_mae: 16.388487743894
12/01/2019 06:35:57 PM 
 miss_mode: patch 
 miss_rate: 0.2 
 masks_rmse: 24.063034282638547 
 masks_mae: 16.760547943665152
12/01/2019 08:39:15 PM 
 miss_mode: patch 
 miss_rate: 0.30000000000000004 
 masks_rmse: 23.199487931367678 
 masks_mae: 16.391510111465717
12/01/2019 10:50:23 PM 
 miss_mode: patch 
 miss_rate: 0.4 
 masks_rmse: 22.75514505703601 
 masks_mae: 16.067823387764065
12/02/2019 12:57:42 AM 
 miss_mode: patch 
 miss_rate: 0.5 
 masks_rmse: 22.357346831075972 
 masks_mae: 15.844708421473891
12/02/2019 03:21:39 AM 
 miss_mode: patch 
 miss_rate: 0.6000000000000001 
 masks_rmse: 22.100727178019337 
 masks_mae: 15.760596943060104
12/02/2019 06:05:06 AM 
 miss_mode: patch 
 miss_rate: 0.7000000000000001 
 masks_rmse: 21.925430266470396 
 masks_mae: 15.59645758733461
12/02/2019 09:12:44 AM 
 miss_mode: patch 
 miss_rate: 0.8 
 masks_rmse: 21.635304956380423 
 masks_mae: 15.415480080517984
