12/01/2019 06:32:49 PM 
********************begin********************
12/02/2019 04:14:14 PM 
********************begin********************
12/02/2019 04:14:35 PM 
 miss_mode: patch 
 miss_rate: 0.1 
 masks_rmse: 40.95794361689526 
 masks_mae: 28.29322614701258
12/02/2019 04:14:55 PM 
 miss_mode: spatial_line 
 miss_rate: 0.1 
 masks_rmse: 39.28662100642238 
 masks_mae: 27.561730861126044
12/02/2019 04:15:16 PM 
 miss_mode: temporal_line 
 miss_rate: 0.1 
 masks_rmse: 38.91486724726364 
 masks_mae: 27.307980836444827
12/02/2019 04:15:37 PM 
 miss_mode: patch 
 miss_rate: 0.2 
 masks_rmse: 40.89272615296528 
 masks_mae: 28.333082031489354
12/02/2019 04:15:59 PM 
 miss_mode: spatial_line 
 miss_rate: 0.2 
 masks_rmse: 39.23198362829152 
 masks_mae: 27.443242164462767
12/02/2019 04:16:20 PM 
 miss_mode: temporal_line 
 miss_rate: 0.2 
 masks_rmse: 39.18541148140509 
 masks_mae: 27.45269897903135
12/02/2019 04:16:42 PM 
 miss_mode: patch 
 miss_rate: 0.30000000000000004 
 masks_rmse: 41.35575848689286 
 masks_mae: 28.58586932986672
12/02/2019 04:17:04 PM 
 miss_mode: spatial_line 
 miss_rate: 0.30000000000000004 
 masks_rmse: 39.247897583742215 
 masks_mae: 27.445602269883814
12/02/2019 04:17:26 PM 
 miss_mode: temporal_line 
 miss_rate: 0.30000000000000004 
 masks_rmse: 39.132139018174165 
 masks_mae: 27.423787137713433
12/02/2019 04:17:48 PM 
 miss_mode: patch 
 miss_rate: 0.4 
 masks_rmse: 40.86637479944547 
 masks_mae: 28.28223942820922
12/02/2019 04:18:10 PM 
 miss_mode: spatial_line 
 miss_rate: 0.4 
 masks_rmse: 39.2307419714703 
 masks_mae: 27.452177585156264
12/02/2019 04:18:32 PM 
 miss_mode: temporal_line 
 miss_rate: 0.4 
 masks_rmse: 39.274920742730934 
 masks_mae: 27.492388552437976
12/02/2019 04:18:55 PM 
 miss_mode: patch 
 miss_rate: 0.5 
 masks_rmse: 40.5977486738314 
 masks_mae: 28.21584764228064
12/02/2019 04:19:18 PM 
 miss_mode: spatial_line 
 miss_rate: 0.5 
 masks_rmse: 39.18194625263393 
 masks_mae: 27.4491682291139
12/02/2019 04:19:41 PM 
 miss_mode: temporal_line 
 miss_rate: 0.5 
 masks_rmse: 39.28864997874318 
 masks_mae: 27.528426454990807
12/02/2019 04:20:05 PM 
 miss_mode: patch 
 miss_rate: 0.6000000000000001 
 masks_rmse: 40.00503037439919 
 masks_mae: 27.888034682164857
12/02/2019 04:20:28 PM 
 miss_mode: spatial_line 
 miss_rate: 0.6000000000000001 
 masks_rmse: 39.21651635422381 
 masks_mae: 27.43644154289274
12/02/2019 04:20:51 PM 
 miss_mode: temporal_line 
 miss_rate: 0.6000000000000001 
 masks_rmse: 39.15964528106362 
 masks_mae: 27.420788854657975
12/02/2019 04:21:15 PM 
 miss_mode: patch 
 miss_rate: 0.7000000000000001 
 masks_rmse: 39.594017756856346 
 masks_mae: 27.666778217125803
12/02/2019 04:21:38 PM 
 miss_mode: spatial_line 
 miss_rate: 0.7000000000000001 
 masks_rmse: 39.304012352938784 
 masks_mae: 27.523337949952214
12/02/2019 04:22:01 PM 
 miss_mode: temporal_line 
 miss_rate: 0.7000000000000001 
 masks_rmse: 39.21431422548428 
 masks_mae: 27.48014033295853
12/02/2019 04:22:27 PM 
 miss_mode: patch 
 miss_rate: 0.8 
 masks_rmse: 39.46385137618726 
 masks_mae: 27.5979520263427
12/02/2019 04:22:50 PM 
 miss_mode: spatial_line 
 miss_rate: 0.8 
 masks_rmse: 39.16838487393559 
 masks_mae: 27.46737608650476
12/02/2019 04:23:14 PM 
 miss_mode: temporal_line 
 miss_rate: 0.8 
 masks_rmse: 39.20046108717324 
 masks_mae: 27.454151452536642
12/02/2019 04:23:40 PM 
 miss_mode: patch 
 miss_rate: 0.9 
 masks_rmse: 39.36420568329297 
 masks_mae: 27.55147614038137
12/02/2019 04:24:04 PM 
 miss_mode: spatial_line 
 miss_rate: 0.9 
 masks_rmse: 39.19444264595046 
 masks_mae: 27.476317589901793
12/02/2019 04:24:27 PM 
 miss_mode: temporal_line 
 miss_rate: 0.9 
 masks_rmse: 39.25296140527382 
 masks_mae: 27.502752733602595
12/02/2019 04:24:28 PM 
********************end********************
